<?xml version="1.0" encoding="UTF-8"?>
<robot generator="Robot 6.1 (Python 3.11.2 on win32)" generated="20230802 17:19:55.103" rpa="false" schemaversion="4">
<suite id="s1" name="Test" source="c:\Users\M1GLOPEZSU\Projects\Robot_practice\Test.robot">
<test id="s1-t1" name="Comprar un articulo" line="12">
<kw name="Entrar al sitio" library="Keywords_repository">
<kw name="Open Browser" library="SeleniumLibrary">
<arg>${URL}</arg>
<arg>gc</arg>
<doc>Opens a new browser instance to the optional ``url``.</doc>
<msg timestamp="20230802 17:19:55.321" level="INFO">Opening browser 'gc' to base url 'https://magento.softwaretestingboard.com/'.</msg>
<status status="PASS" starttime="20230802 17:19:55.321" endtime="20230802 17:19:58.708"/>
</kw>
<kw name="Maximize Browser Window" library="SeleniumLibrary">
<doc>Maximizes current browser window.</doc>
<status status="PASS" starttime="20230802 17:19:58.709" endtime="20230802 17:19:58.827"/>
</kw>
<status status="PASS" starttime="20230802 17:19:55.320" endtime="20230802 17:19:58.827"/>
</kw>
<kw name="Entrar al inicio de sesion" library="Keywords_repository">
<kw name="Click Element" library="SeleniumLibrary">
<arg>${HOME_SIGNIN_BTN}</arg>
<doc>Click the element identified by ``locator``.</doc>
<msg timestamp="20230802 17:19:58.831" level="INFO">Clicking element '//div[@class="panel header"]//a[contains(text(), "Sign In")]'.</msg>
<status status="PASS" starttime="20230802 17:19:58.830" endtime="20230802 17:19:59.872"/>
</kw>
<kw name="Wait Until Element Is Visible" library="SeleniumLibrary">
<arg>//span[@data-ui-id="page-title-wrapper"]</arg>
<arg>${TIMEOUT}</arg>
<doc>Waits until the element ``locator`` is visible.</doc>
<status status="PASS" starttime="20230802 17:19:59.873" endtime="20230802 17:19:59.922"/>
</kw>
<status status="PASS" starttime="20230802 17:19:58.829" endtime="20230802 17:19:59.922"/>
</kw>
<kw name="Ingresar credenciales" library="Keywords_repository">
<kw name="Input Text" library="SeleniumLibrary">
<arg>//input[@id="email"]</arg>
<arg>${USER}</arg>
<doc>Types the given ``text`` into the text field identified by ``locator``.</doc>
<msg timestamp="20230802 17:19:59.925" level="INFO">Typing text 'test.123@automation.com' into text field '//input[@id="email"]'.</msg>
<status status="PASS" starttime="20230802 17:19:59.925" endtime="20230802 17:20:00.055"/>
</kw>
<kw name="Input Text" library="SeleniumLibrary">
<arg>//fieldset//input[@id= "pass"]</arg>
<arg>${PASS}</arg>
<doc>Types the given ``text`` into the text field identified by ``locator``.</doc>
<msg timestamp="20230802 17:20:00.057" level="INFO">Typing text 'Test.123' into text field '//fieldset//input[@id= "pass"]'.</msg>
<status status="PASS" starttime="20230802 17:20:00.057" endtime="20230802 17:20:00.135"/>
</kw>
<kw name="Click Element" library="SeleniumLibrary">
<arg>//*[@id="send2"]/span</arg>
<doc>Click the element identified by ``locator``.</doc>
<msg timestamp="20230802 17:20:00.136" level="INFO">Clicking element '//*[@id="send2"]/span'.</msg>
<status status="PASS" starttime="20230802 17:20:00.135" endtime="20230802 17:20:01.758"/>
</kw>
<kw name="Wait Until Element Is Visible" library="SeleniumLibrary">
<arg>//span[text() = "Shop New Yoga"]</arg>
<arg>${TIMEOUT}</arg>
<doc>Waits until the element ``locator`` is visible.</doc>
<status status="PASS" starttime="20230802 17:20:01.758" endtime="20230802 17:20:01.826"/>
</kw>
<status status="PASS" starttime="20230802 17:19:59.924" endtime="20230802 17:20:01.827"/>
</kw>
<kw name="Buscar un elemento" library="Keywords_repository">
<kw name="Input Text" library="SeleniumLibrary">
<arg>//input[@id = "search"]</arg>
<arg>${ITEM_NAME}</arg>
<doc>Types the given ``text`` into the text field identified by ``locator``.</doc>
<msg timestamp="20230802 17:20:01.828" level="INFO">Typing text 'Yoga Jacket' into text field '//input[@id = "search"]'.</msg>
<status status="PASS" starttime="20230802 17:20:01.828" endtime="20230802 17:20:01.905"/>
</kw>
<kw name="Press Keys" library="SeleniumLibrary">
<arg>None</arg>
<arg>ENTER</arg>
<doc>Simulates the user pressing key(s) to an element or on the active browser.</doc>
<msg timestamp="20230802 17:20:01.907" level="INFO">Sending key(s) ('ENTER',) to page.</msg>
<msg timestamp="20230802 17:20:01.907" level="INFO">Pressing special key ENTER to browser.</msg>
<msg timestamp="20230802 17:20:01.907" level="INFO">Releasing special key ENTER.</msg>
<status status="PASS" starttime="20230802 17:20:01.905" endtime="20230802 17:20:04.228"/>
</kw>
<kw name="Wait Until Element Is Visible" library="SeleniumLibrary">
<arg>//span [ text() = "Search results for: '${ITEM_NAME}'"]</arg>
<doc>Waits until the element ``locator`` is visible.</doc>
<status status="PASS" starttime="20230802 17:20:04.228" endtime="20230802 17:20:04.247"/>
</kw>
<status status="PASS" starttime="20230802 17:20:01.827" endtime="20230802 17:20:04.247"/>
</kw>
<kw name="Seleccionar un elemento" library="Keywords_repository">
<kw name="Click Element" library="SeleniumLibrary">
<arg>//img[@alt="Josie Yoga Jacket"]</arg>
<doc>Click the element identified by ``locator``.</doc>
<msg timestamp="20230802 17:20:04.248" level="INFO">Clicking element '//img[@alt="Josie Yoga Jacket"]'.</msg>
<status status="PASS" starttime="20230802 17:20:04.248" endtime="20230802 17:20:05.160"/>
</kw>
<kw name="Wait Until Element Is Visible" library="SeleniumLibrary">
<arg>//span[text()="Josie Yoga Jacket"]</arg>
<arg>${TIMEOUT}</arg>
<doc>Waits until the element ``locator`` is visible.</doc>
<status status="PASS" starttime="20230802 17:20:05.160" endtime="20230802 17:20:05.212"/>
</kw>
<kw name="Run Keyword And Return Status" library="BuiltIn">
<var>${STATUS}</var>
<arg>Wait Until Element Is Visible</arg>
<arg>//span[@id="option-label-size-143"]</arg>
<arg>${TIMEOUT}</arg>
<doc>Runs the given keyword with given arguments and returns the status as a Boolean value.</doc>
<kw name="Wait Until Element Is Visible" library="SeleniumLibrary">
<arg>//span[@id="option-label-size-143"]</arg>
<arg>${TIMEOUT}</arg>
<doc>Waits until the element ``locator`` is visible.</doc>
<status status="PASS" starttime="20230802 17:20:05.212" endtime="20230802 17:20:05.230"/>
</kw>
<msg timestamp="20230802 17:20:05.230" level="INFO">${STATUS} = True</msg>
<status status="PASS" starttime="20230802 17:20:05.212" endtime="20230802 17:20:05.230"/>
</kw>
<if>
<branch type="IF" condition="${STATUS}==${True}">
<kw name="Click Element" library="SeleniumLibrary">
<arg>//div[contains (@id, "size")][1]</arg>
<doc>Click the element identified by ``locator``.</doc>
<msg timestamp="20230802 17:20:05.231" level="INFO">Clicking element '//div[contains (@id, "size")][1]'.</msg>
<status status="PASS" starttime="20230802 17:20:05.231" endtime="20230802 17:20:05.288"/>
</kw>
<status status="PASS" starttime="20230802 17:20:05.230" endtime="20230802 17:20:05.288"/>
</branch>
<status status="PASS" starttime="20230802 17:20:05.230" endtime="20230802 17:20:05.288"/>
</if>
<kw name="Run Keyword And Return Status" library="BuiltIn">
<var>${STATUS}</var>
<arg>Wait Until Element Is Visible</arg>
<arg>//span[@id="option-label-color-93"]</arg>
<arg>${TIMEOUT}</arg>
<doc>Runs the given keyword with given arguments and returns the status as a Boolean value.</doc>
<kw name="Wait Until Element Is Visible" library="SeleniumLibrary">
<arg>//span[@id="option-label-color-93"]</arg>
<arg>${TIMEOUT}</arg>
<doc>Waits until the element ``locator`` is visible.</doc>
<status status="PASS" starttime="20230802 17:20:05.288" endtime="20230802 17:20:05.330"/>
</kw>
<msg timestamp="20230802 17:20:05.330" level="INFO">${STATUS} = True</msg>
<status status="PASS" starttime="20230802 17:20:05.288" endtime="20230802 17:20:05.330"/>
</kw>
<if>
<branch type="IF" condition="${STATUS}==${True}">
<kw name="Click Element" library="SeleniumLibrary">
<arg>//div[contains (@id, "color")][1]</arg>
<doc>Click the element identified by ``locator``.</doc>
<msg timestamp="20230802 17:20:05.331" level="INFO">Clicking element '//div[contains (@id, "color")][1]'.</msg>
<status status="PASS" starttime="20230802 17:20:05.331" endtime="20230802 17:20:05.477"/>
</kw>
<status status="PASS" starttime="20230802 17:20:05.331" endtime="20230802 17:20:05.477"/>
</branch>
<status status="PASS" starttime="20230802 17:20:05.331" endtime="20230802 17:20:05.477"/>
</if>
<kw name="Evaluate" library="BuiltIn">
<var>${random}</var>
<arg>random.randint(1, 5)</arg>
<doc>Evaluates the given expression in Python and returns the result.</doc>
<msg timestamp="20230802 17:20:05.478" level="INFO">${random} = 5</msg>
<status status="PASS" starttime="20230802 17:20:05.477" endtime="20230802 17:20:05.478"/>
</kw>
<kw name="Input Text" library="SeleniumLibrary">
<arg>//input[@name="qty"]</arg>
<arg>${random}</arg>
<doc>Types the given ``text`` into the text field identified by ``locator``.</doc>
<msg timestamp="20230802 17:20:05.478" level="INFO">Typing text '5' into text field '//input[@name="qty"]'.</msg>
<status status="PASS" starttime="20230802 17:20:05.478" endtime="20230802 17:20:05.596"/>
</kw>
<kw name="Click Element" library="SeleniumLibrary">
<arg>//button[@title="Add to Cart"]</arg>
<doc>Click the element identified by ``locator``.</doc>
<msg timestamp="20230802 17:20:05.596" level="INFO">Clicking element '//button[@title="Add to Cart"]'.</msg>
<status status="PASS" starttime="20230802 17:20:05.596" endtime="20230802 17:20:05.658"/>
</kw>
<kw name="Click Element" library="SeleniumLibrary">
<arg>//a[contains(@class,"showcart")]</arg>
<doc>Click the element identified by ``locator``.</doc>
<msg timestamp="20230802 17:20:05.659" level="INFO">Clicking element '//a[contains(@class,"showcart")]'.</msg>
<status status="PASS" starttime="20230802 17:20:05.659" endtime="20230802 17:20:05.705"/>
</kw>
<kw name="Wait Until Element Is Visible" library="SeleniumLibrary">
<arg>//a[contains(text(),"Josie Yoga Jacket")]</arg>
<arg>${TIMEOUT}</arg>
<doc>Waits until the element ``locator`` is visible.</doc>
<status status="PASS" starttime="20230802 17:20:05.706" endtime="20230802 17:20:05.727"/>
</kw>
<status status="PASS" starttime="20230802 17:20:04.248" endtime="20230802 17:20:05.727"/>
</kw>
<kw name="Teardown tc" library="Keywords_repository">
<arg>Se agregó el item correctamente</arg>
<kw name="Set Test Message" library="BuiltIn">
<arg>${COMOSEA}</arg>
<doc>Sets message for the current test case.</doc>
<msg timestamp="20230802 17:20:05.729" level="INFO">Set test message to:
Se agregó el item correctamente</msg>
<status status="PASS" starttime="20230802 17:20:05.729" endtime="20230802 17:20:05.729"/>
</kw>
<kw name="Close All Browsers" library="SeleniumLibrary">
<doc>Closes all open browsers and resets the browser cache.</doc>
<status status="PASS" starttime="20230802 17:20:05.730" endtime="20230802 17:20:12.088"/>
</kw>
<status status="PASS" starttime="20230802 17:20:05.728" endtime="20230802 17:20:12.089"/>
</kw>
<status status="PASS" starttime="20230802 17:19:55.320" endtime="20230802 17:20:12.091">Se agregó el item correctamente</status>
</test>
<status status="PASS" starttime="20230802 17:19:55.109" endtime="20230802 17:20:12.098"/>
</suite>
<statistics>
<total>
<stat pass="1" fail="0" skip="0">All Tests</stat>
</total>
<tag>
</tag>
<suite>
<stat pass="1" fail="0" skip="0" id="s1" name="Test">Test</stat>
</suite>
</statistics>
<errors>
</errors>
</robot>
